<?xml version="1.0" encoding="UTF-8"?>
<!-- Generated by org.testng.reporters.JUnitReportReporter -->
<testsuite hostname="ANDUIN" failures="0" tests="1" name="com.dsr.test.LoginTest" time="35.238" errors="0" timestamp="2022-04-27T18:16:32 TRT" skipped="0">
  <testcase classname="com.dsr.test.LoginTest" name="myLogin" time="35.238"/>
  <system-out/>
</testsuite> <!-- com.dsr.test.LoginTest -->
